app/build/intermediates/manifest_merge_blame_file/release/manifest-merger-blame-release-report.txt
1<?xml version="1.0" encoding="utf-8"?>
2<manifest xmlns:android="http://schemas.android.com/apk/res/android"
3    package="com.sil.ucubesampleapplication"
4    android:versionCode="1"
5    android:versionName="1.0" >
6
7    <uses-sdk
8        android:minSdkVersion="19"
8-->src\main\AndroidManifest.xml
9        android:targetSdkVersion="29" />
9-->src\main\AndroidManifest.xml
10
11    <uses-permission android:name="android.permission.BLUETOOTH" />
11-->[:ucubesdk] AndroidManifest.xml:11:5-68
11-->[:ucubesdk] AndroidManifest.xml:11:22-65
12    <uses-permission android:name="android.permission.BLUETOOTH_ADMIN" />
12-->[:ucubesdk] AndroidManifest.xml:12:5-74
12-->[:ucubesdk] AndroidManifest.xml:12:22-71
13    <uses-permission android:name="android.permission.INTERNET" />
13-->[:ucubesdk] AndroidManifest.xml:13:5-67
13-->[:ucubesdk] AndroidManifest.xml:13:22-64
14    <uses-permission android:name="android.permission.ACCESS_FINE_LOCATION" />
14-->[:ucubesdk] AndroidManifest.xml:14:5-79
14-->[:ucubesdk] AndroidManifest.xml:14:22-76
15    <uses-permission android:name="android.permission.SYSTEM_ALERT_WINDOW" />
15-->[:ucubesdk] AndroidManifest.xml:15:5-78
15-->[:ucubesdk] AndroidManifest.xml:15:22-75
16    <uses-permission android:name="android.permission.ACCESS_NETWORK_STATE " />
16-->[:ucubesdk] AndroidManifest.xml:16:5-80
16-->[:ucubesdk] AndroidManifest.xml:16:22-77
17
18    <application
18-->src\main\AndroidManifest.xml:6:5-27:19
19        android:allowBackup="true"
19-->src\main\AndroidManifest.xml:7:9-35
20        android:appComponentFactory="androidx.core.app.CoreComponentFactory"
20-->[androidx.core:core:1.1.0] AndroidManifest.xml:24:18-86
21        android:icon="@mipmap/ic_launcher"
21-->src\main\AndroidManifest.xml:8:9-43
22        android:label="@string/app_name"
22-->src\main\AndroidManifest.xml:9:9-41
23        android:networkSecurityConfig="@xml/network_security_config"
23-->src\main\AndroidManifest.xml:10:9-69
24        android:roundIcon="@mipmap/ic_launcher_round"
24-->src\main\AndroidManifest.xml:11:9-54
25        android:supportsRtl="true"
25-->src\main\AndroidManifest.xml:12:9-35
26        android:theme="@style/AppTheme"
26-->src\main\AndroidManifest.xml:14:9-40
27        android:usesCleartextTraffic="true" >
27-->src\main\AndroidManifest.xml:13:9-44
28        <uses-library
28-->src\main\AndroidManifest.xml:16:9-18:40
29            android:name="org.apache.http.legacy"
29-->src\main\AndroidManifest.xml:17:13-50
30            android:required="false" />
30-->src\main\AndroidManifest.xml:18:13-37
31
32        <activity android:name="com.sil.ucubesampleapplication.MainActivity" />
32-->src\main\AndroidManifest.xml:20:9-72
32-->src\main\AndroidManifest.xml:20:19-70
33        <activity android:name="com.sil.ucubesampleapplication.ScanActivity" >
33-->src\main\AndroidManifest.xml:21:9-26:20
33-->src\main\AndroidManifest.xml:21:19-70
34            <intent-filter>
34-->src\main\AndroidManifest.xml:22:13-25:29
35                <action android:name="android.intent.action.MAIN" />
35-->src\main\AndroidManifest.xml:23:17-69
35-->src\main\AndroidManifest.xml:23:25-66
36
37                <category android:name="android.intent.category.LAUNCHER" />
37-->src\main\AndroidManifest.xml:24:17-77
37-->src\main\AndroidManifest.xml:24:27-74
38            </intent-filter>
39        </activity>
40    </application>
41
42</manifest>